<?xml version="1.0" encoding="UTF-8"?>
<!-- Generated by org.testng.reporters.JUnitReportReporter -->
<testsuite skipped="0" hostname="VINAYAK-PC" name="org.testing.Scripts.TC1" tests="1" failures="0" timestamp="15 Mar 2020 10:13:48 GMT" time="183.100" errors="0">
  <testcase name="testCase1" time="183.100" classname="org.testing.Scripts.TC1"/>
</testsuite> <!-- org.testing.Scripts.TC1 -->
